<?xml version="1.0" encoding="UTF-8"?>
<!-- Generated by org.testng.reporters.JUnitReportReporter -->
<testsuite skipped="0" hostname="LAPTOP-5QS63R5I" name="scripts.TestValidLogin" tests="1" failures="0" timestamp="16 Jan 2018 14:33:37 GMT" time="23.750" errors="0">
  <testcase name="testValidLogin" time="23.750" classname="scripts.TestValidLogin"/>
</testsuite> <!-- scripts.TestValidLogin -->
