<?xml version="1.0" encoding="UTF-8"?>
<!-- Generated by org.testng.reporters.JUnitReportReporter -->
<testsuite skipped="0" hostname="LAPTOP-5QS63R5I" name="scripts.TestInvalidLogin" tests="1" failures="0" timestamp="16 Jan 2018 14:35:43 GMT" time="28.207" errors="0">
  <testcase name="testInvalidLogin" time="28.207" classname="scripts.TestInvalidLogin"/>
</testsuite> <!-- scripts.TestInvalidLogin -->
